Log Started: Fri Oct 14 14:32:48 2011

-----Debug Initialized-----

OpenGL 3.0 is not supported, falling back to 2.1.


-----Engine Initialization Complete-----


-----Logic-----
Warning: Can not translate this key
Warning: Can not translate this key
Warning: Can not translate this key
Warning: Can not translate this key
Warning: Can not translate this key
Warning: Can not translate this key
Warning: Can not translate this key
Warning: Can not translate this key
Warning: Can not translate this key
Warning: Can not translate this key
Warning: Can not translate this key
Warning: Can not translate this key
Warning: Can not translate this key
Warning: Can not translate this key
Warning: Can not translate this key


-----Cleaning Up-----

Player Deleted.

Log Closed: Fri Oct 14 14:32:53 2011

